Arguments: 
  /usr/local/bin/node /usr/share/yarn/bin/yarn.js install

PATH: 
  /home/antony/.local/bin:/opt/gradle/latest/bin:/home/antony/.local/bin:/opt/gradle/latest/bin:/usr/local/sbin:/usr/local/bin:/usr/sbin:/usr/bin:/sbin:/bin:/usr/games:/usr/local/games:/snap/bin

Yarn version: 
  1.22.19

Node version: 
  16.17.0

Platform: 
  linux x64

Trace: 
  SyntaxError: /home/antony/Desktop/Workspace/orthanc/orthanc-ui/resources/js/WebApplication/package.json: Unexpected token } in JSON at position 1170
      at JSON.parse (<anonymous>)
      at /usr/share/yarn/lib/cli.js:1629:59
      at Generator.next (<anonymous>)
      at step (/usr/share/yarn/lib/cli.js:310:30)
      at /usr/share/yarn/lib/cli.js:321:13

npm manifest: 
  {
    "name": "orthanc-explorer-2",
    "version": "0.0.0",
    "scripts": {
      "dev": "vite",
      "build": "vite build",
      "preview": "vite preview"
    },
    "dependencies": {
      "@fortawesome/fontawesome-free": "^6.2.1",
      "@popperjs/core": "^2.11.6",
      "@vuepic/vue-datepicker": "^4.2.0",
      "bootstrap": "5.2.3",
      "bootstrap-icons": "^1.10.0",
      "bootstrap5-tags": "^1.5.22",
      "jquery": "^3.6.3",
      "keycloak-js": "^20.0.1",
      "mitt": "^3.0.0",
      "uppie": "^1.1.4",
      "uuid": "^9.0.0",
      "@element-plus/icons-vue": "^1.1.4",
      "axios": "^0.27.1",
      "element-plus": "^2.1.11",
      "nprogress": "^0.2.0",
      "vuex-persistedstate": "^4.1.0",
      "vue": "^3.3.4",
      "vue-i18n": "^9.2.2",
      "vue-router": "^4.2.2",
      "vuex": "^4.1.0"
    },
    "devDependencies": {
      "@vitejs/plugin-vue": "^4.0.0",
      "vite": "^4.1.5",
      "@babel/eslint-parser": "^7.17.0",
      "@vue/cli-plugin-babel": "^5.0.4",
      "@vue/cli-plugin-eslint": "^5.0.4",
      "babel-plugin-import": "^1.13.5",
      "eslint": "^8.14.0",
      "eslint-plugin-vue": "^8.7.1",
      "sass": "^1.51.0",
      "unplugin-auto-import": "^0.7.1",
      "unplugin-vue-components": "^0.19.3",
    }
  }

yarn manifest: 
  No manifest

Lockfile: 
  # THIS IS AN AUTOGENERATED FILE. DO NOT EDIT THIS FILE DIRECTLY.
  # yarn lockfile v1
  
  
  "@babel/parser@^7.23.0":
    version "7.23.0"
    resolved "https://registry.yarnpkg.com/@babel/parser/-/parser-7.23.0.tgz#da950e622420bf96ca0d0f2909cdddac3acd8719"
    integrity sha512-vvPKKdMemU85V9WE/l5wZEmImpCtLqbnTvqDS2U1fJ96KrxoW7KrXhNsNCblQlg8Ck4b85yxdTyelsMUgFUXiw==
  
  "@babel/runtime@^7.21.0":
    version "7.23.2"
    resolved "https://registry.yarnpkg.com/@babel/runtime/-/runtime-7.23.2.tgz#062b0ac103261d68a966c4c7baf2ae3e62ec3885"
    integrity sha512-mM8eg4yl5D6i3lu2QKPuPH4FArvJ8KhTofbE7jwMUv9KX5mBvwPAqnV3MlyBNqdp9RyRKP6Yck8TrfYrPvX3bg==
    dependencies:
      regenerator-runtime "^0.14.0"
  
  "@esbuild/android-arm64@0.18.20":
    version "0.18.20"
    resolved "https://registry.yarnpkg.com/@esbuild/android-arm64/-/android-arm64-0.18.20.tgz#984b4f9c8d0377443cc2dfcef266d02244593622"
    integrity sha512-Nz4rJcchGDtENV0eMKUNa6L12zz2zBDXuhj/Vjh18zGqB44Bi7MBMSXjgunJgjRhCmKOjnPuZp4Mb6OKqtMHLQ==
  
  "@esbuild/android-arm@0.18.20":
    version "0.18.20"
    resolved "https://registry.yarnpkg.com/@esbuild/android-arm/-/android-arm-0.18.20.tgz#fedb265bc3a589c84cc11f810804f234947c3682"
    integrity sha512-fyi7TDI/ijKKNZTUJAQqiG5T7YjJXgnzkURqmGj13C6dCqckZBLdl4h7bkhHt/t0WP+zO9/zwroDvANaOqO5Sw==
  
  "@esbuild/android-x64@0.18.20":
    version "0.18.20"
    resolved "https://registry.yarnpkg.com/@esbuild/android-x64/-/android-x64-0.18.20.tgz#35cf419c4cfc8babe8893d296cd990e9e9f756f2"
    integrity sha512-8GDdlePJA8D6zlZYJV/jnrRAi6rOiNaCC/JclcXpB+KIuvfBN4owLtgzY2bsxnx666XjJx2kDPUmnTtR8qKQUg==
  
  "@esbuild/darwin-arm64@0.18.20":
    version "0.18.20"
    resolved "https://registry.yarnpkg.com/@esbuild/darwin-arm64/-/darwin-arm64-0.18.20.tgz#08172cbeccf95fbc383399a7f39cfbddaeb0d7c1"
    integrity sha512-bxRHW5kHU38zS2lPTPOyuyTm+S+eobPUnTNkdJEfAddYgEcll4xkT8DB9d2008DtTbl7uJag2HuE5NZAZgnNEA==
  
  "@esbuild/darwin-x64@0.18.20":
    version "0.18.20"
    resolved "https://registry.yarnpkg.com/@esbuild/darwin-x64/-/darwin-x64-0.18.20.tgz#d70d5790d8bf475556b67d0f8b7c5bdff053d85d"
    integrity sha512-pc5gxlMDxzm513qPGbCbDukOdsGtKhfxD1zJKXjCCcU7ju50O7MeAZ8c4krSJcOIJGFR+qx21yMMVYwiQvyTyQ==
  
  "@esbuild/freebsd-arm64@0.18.20":
    version "0.18.20"
    resolved "https://registry.yarnpkg.com/@esbuild/freebsd-arm64/-/freebsd-arm64-0.18.20.tgz#98755cd12707f93f210e2494d6a4b51b96977f54"
    integrity sha512-yqDQHy4QHevpMAaxhhIwYPMv1NECwOvIpGCZkECn8w2WFHXjEwrBn3CeNIYsibZ/iZEUemj++M26W3cNR5h+Tw==
  
  "@esbuild/freebsd-x64@0.18.20":
    version "0.18.20"
    resolved "https://registry.yarnpkg.com/@esbuild/freebsd-x64/-/freebsd-x64-0.18.20.tgz#c1eb2bff03915f87c29cece4c1a7fa1f423b066e"
    integrity sha512-tgWRPPuQsd3RmBZwarGVHZQvtzfEBOreNuxEMKFcd5DaDn2PbBxfwLcj4+aenoh7ctXcbXmOQIn8HI6mCSw5MQ==
  
  "@esbuild/linux-arm64@0.18.20":
    version "0.18.20"
    resolved "https://registry.yarnpkg.com/@esbuild/linux-arm64/-/linux-arm64-0.18.20.tgz#bad4238bd8f4fc25b5a021280c770ab5fc3a02a0"
    integrity sha512-2YbscF+UL7SQAVIpnWvYwM+3LskyDmPhe31pE7/aoTMFKKzIc9lLbyGUpmmb8a8AixOL61sQ/mFh3jEjHYFvdA==
  
  "@esbuild/linux-arm@0.18.20":
    version "0.18.20"
    resolved "https://registry.yarnpkg.com/@esbuild/linux-arm/-/linux-arm-0.18.20.tgz#3e617c61f33508a27150ee417543c8ab5acc73b0"
    integrity sha512-/5bHkMWnq1EgKr1V+Ybz3s1hWXok7mDFUMQ4cG10AfW3wL02PSZi5kFpYKrptDsgb2WAJIvRcDm+qIvXf/apvg==
  
  "@esbuild/linux-ia32@0.18.20":
    version "0.18.20"
    resolved "https://registry.yarnpkg.com/@esbuild/linux-ia32/-/linux-ia32-0.18.20.tgz#699391cccba9aee6019b7f9892eb99219f1570a7"
    integrity sha512-P4etWwq6IsReT0E1KHU40bOnzMHoH73aXp96Fs8TIT6z9Hu8G6+0SHSw9i2isWrD2nbx2qo5yUqACgdfVGx7TA==
  
  "@esbuild/linux-loong64@0.18.20":
    version "0.18.20"
    resolved "https://registry.yarnpkg.com/@esbuild/linux-loong64/-/linux-loong64-0.18.20.tgz#e6fccb7aac178dd2ffb9860465ac89d7f23b977d"
    integrity sha512-nXW8nqBTrOpDLPgPY9uV+/1DjxoQ7DoB2N8eocyq8I9XuqJ7BiAMDMf9n1xZM9TgW0J8zrquIb/A7s3BJv7rjg==
  
  "@esbuild/linux-mips64el@0.18.20":
    version "0.18.20"
    resolved "https://registry.yarnpkg.com/@esbuild/linux-mips64el/-/linux-mips64el-0.18.20.tgz#eeff3a937de9c2310de30622a957ad1bd9183231"
    integrity sha512-d5NeaXZcHp8PzYy5VnXV3VSd2D328Zb+9dEq5HE6bw6+N86JVPExrA6O68OPwobntbNJ0pzCpUFZTo3w0GyetQ==
  
  "@esbuild/linux-ppc64@0.18.20":
    version "0.18.20"
    resolved "https://registry.yarnpkg.com/@esbuild/linux-ppc64/-/linux-ppc64-0.18.20.tgz#2f7156bde20b01527993e6881435ad79ba9599fb"
    integrity sha512-WHPyeScRNcmANnLQkq6AfyXRFr5D6N2sKgkFo2FqguP44Nw2eyDlbTdZwd9GYk98DZG9QItIiTlFLHJHjxP3FA==
  
  "@esbuild/linux-riscv64@0.18.20":
    version "0.18.20"
    resolved "https://registry.yarnpkg.com/@esbuild/linux-riscv64/-/linux-riscv64-0.18.20.tgz#6628389f210123d8b4743045af8caa7d4ddfc7a6"
    integrity sha512-WSxo6h5ecI5XH34KC7w5veNnKkju3zBRLEQNY7mv5mtBmrP/MjNBCAlsM2u5hDBlS3NGcTQpoBvRzqBcRtpq1A==
  
  "@esbuild/linux-s390x@0.18.20":
    version "0.18.20"
    resolved "https://registry.yarnpkg.com/@esbuild/linux-s390x/-/linux-s390x-0.18.20.tgz#255e81fb289b101026131858ab99fba63dcf0071"
    integrity sha512-+8231GMs3mAEth6Ja1iK0a1sQ3ohfcpzpRLH8uuc5/KVDFneH6jtAJLFGafpzpMRO6DzJ6AvXKze9LfFMrIHVQ==
  
  "@esbuild/linux-x64@0.18.20":
    version "0.18.20"
    resolved "https://registry.yarnpkg.com/@esbuild/linux-x64/-/linux-x64-0.18.20.tgz#c7690b3417af318a9b6f96df3031a8865176d338"
    integrity sha512-UYqiqemphJcNsFEskc73jQ7B9jgwjWrSayxawS6UVFZGWrAAtkzjxSqnoclCXxWtfwLdzU+vTpcNYhpn43uP1w==
  
  "@esbuild/netbsd-x64@0.18.20":
    version "0.18.20"
    resolved "https://registry.yarnpkg.com/@esbuild/netbsd-x64/-/netbsd-x64-0.18.20.tgz#30e8cd8a3dded63975e2df2438ca109601ebe0d1"
    integrity sha512-iO1c++VP6xUBUmltHZoMtCUdPlnPGdBom6IrO4gyKPFFVBKioIImVooR5I83nTew5UOYrk3gIJhbZh8X44y06A==
  
  "@esbuild/openbsd-x64@0.18.20":
    version "0.18.20"
    resolved "https://registry.yarnpkg.com/@esbuild/openbsd-x64/-/openbsd-x64-0.18.20.tgz#7812af31b205055874c8082ea9cf9ab0da6217ae"
    integrity sha512-e5e4YSsuQfX4cxcygw/UCPIEP6wbIL+se3sxPdCiMbFLBWu0eiZOJ7WoD+ptCLrmjZBK1Wk7I6D/I3NglUGOxg==
  
  "@esbuild/sunos-x64@0.18.20":
    version "0.18.20"
    resolved "https://registry.yarnpkg.com/@esbuild/sunos-x64/-/sunos-x64-0.18.20.tgz#d5c275c3b4e73c9b0ecd38d1ca62c020f887ab9d"
    integrity sha512-kDbFRFp0YpTQVVrqUd5FTYmWo45zGaXe0X8E1G/LKFC0v8x0vWrhOWSLITcCn63lmZIxfOMXtCfti/RxN/0wnQ==
  
  "@esbuild/win32-arm64@0.18.20":
    version "0.18.20"
    resolved "https://registry.yarnpkg.com/@esbuild/win32-arm64/-/win32-arm64-0.18.20.tgz#73bc7f5a9f8a77805f357fab97f290d0e4820ac9"
    integrity sha512-ddYFR6ItYgoaq4v4JmQQaAI5s7npztfV4Ag6NrhiaW0RrnOXqBkgwZLofVTlq1daVTQNhtI5oieTvkRPfZrePg==
  
  "@esbuild/win32-ia32@0.18.20":
    version "0.18.20"
    resolved "https://registry.yarnpkg.com/@esbuild/win32-ia32/-/win32-ia32-0.18.20.tgz#ec93cbf0ef1085cc12e71e0d661d20569ff42102"
    integrity sha512-Wv7QBi3ID/rROT08SABTS7eV4hX26sVduqDOTe1MvGMjNd3EjOz4b7zeexIR62GTIEKrfJXKL9LFxTYgkyeu7g==
  
  "@esbuild/win32-x64@0.18.20":
    version "0.18.20"
    resolved "https://registry.yarnpkg.com/@esbuild/win32-x64/-/win32-x64-0.18.20.tgz#786c5f41f043b07afb1af37683d7c33668858f6d"
    integrity sha512-kTdfRcSiDfQca/y9QIkng02avJ+NCaQvrMejlsB3RRv5sE9rRoeBPISaZpKxHELzRxZyLvNts1P27W3wV+8geQ==
  
  "@fortawesome/fontawesome-free@^6.2.1":
    version "6.4.2"
    resolved "https://registry.yarnpkg.com/@fortawesome/fontawesome-free/-/fontawesome-free-6.4.2.tgz#36b6a9cb5ffbecdf89815c94d0c0ffa489ac5ecb"
    integrity sha512-m5cPn3e2+FDCOgi1mz0RexTUvvQibBebOUlUlW0+YrMjDTPkiJ6VTKukA1GRsvRw+12KyJndNjj0O4AgTxm2Pg==
  
  "@intlify/core-base@9.5.0":
    version "9.5.0"
    resolved "https://registry.yarnpkg.com/@intlify/core-base/-/core-base-9.5.0.tgz#cbb17a27029ccfd0a83a837931baee08b887af60"
    integrity sha512-y3ufM1RJbI/DSmJf3lYs9ACq3S/iRvaSsE3rPIk0MGH7fp+JxU6rdryv/EYcwfcr3Y1aHFlCBir6S391hRZ57w==
    dependencies:
      "@intlify/message-compiler" "9.5.0"
      "@intlify/shared" "9.5.0"
  
  "@intlify/message-compiler@9.5.0":
    version "9.5.0"
    resolved "https://registry.yarnpkg.com/@intlify/message-compiler/-/message-compiler-9.5.0.tgz#1b4916bf11ca7024f9c15be0d6b4de7be5317808"
    integrity sha512-CAhVNfEZcOVFg0/5MNyt+OFjvs4J/ARjCj2b+54/FvFP0EDJI5lIqMTSDBE7k0atMROSP0SvWCkwu/AZ5xkK1g==
    dependencies:
      "@intlify/shared" "9.5.0"
      source-map-js "^1.0.2"
  
  "@intlify/shared@9.5.0":
    version "9.5.0"
    resolved "https://registry.yarnpkg.com/@intlify/shared/-/shared-9.5.0.tgz#185d9ab9f6b4bb4f4d133cfdd51432e9b94c2c44"
    integrity sha512-tAxV14LMXZDZbu32XzLMTsowNlgJNmLwWHYzvMUl6L8gvQeoYiZONjY7AUsqZW8TOZDX9lfvF6adPkk9FSRdDA==
  
  "@jridgewell/sourcemap-codec@^1.4.15":
    version "1.4.15"
    resolved "https://registry.yarnpkg.com/@jridgewell/sourcemap-codec/-/sourcemap-codec-1.4.15.tgz#d7c6e6755c78567a951e04ab52ef0fd26de59f32"
    integrity sha512-eF2rxCRulEKXHTRiDrDy6erMYWqNw4LPdQ8UQA4huuxaQsVeRPFl2oM8oDGxMFhJUWZf9McpLtJasDDZb/Bpeg==
  
  "@popperjs/core@^2.11.6":
    version "2.11.8"
    resolved "https://registry.yarnpkg.com/@popperjs/core/-/core-2.11.8.tgz#6b79032e760a0899cd4204710beede972a3a185f"
    integrity sha512-P1st0aksCrn9sGZhp8GMYwBnQsbvAWsZAX44oXNNvLHGqAOcoVxmjZiohstwQ7SqKnbR47akdNi+uleWD8+g6A==
  
  "@vitejs/plugin-vue@^4.0.0":
    version "4.4.0"
    resolved "https://registry.yarnpkg.com/@vitejs/plugin-vue/-/plugin-vue-4.4.0.tgz#8ae96573236cdb12de6850a6d929b5537ec85390"
    integrity sha512-xdguqb+VUwiRpSg+nsc2HtbAUSGak25DXYvpQQi4RVU1Xq1uworyoH/md9Rfd8zMmPR/pSghr309QNcftUVseg==
  
  "@vue/compiler-core@3.3.5":
    version "3.3.5"
    resolved "https://registry.yarnpkg.com/@vue/compiler-core/-/compiler-core-3.3.5.tgz#6e723b95217bbd0478a6004c4943f48c9f32d705"
    integrity sha512-S8Ma+eICI40Y4UotR+iKR729Bma+wERn/xLc+Jz203s5WIW1Sx3qoiONqXGg3Q4vBMa+QHDncULya19ZSJuhog==
    dependencies:
      "@babel/parser" "^7.23.0"
      "@vue/shared" "3.3.5"
      estree-walker "^2.0.2"
      source-map-js "^1.0.2"
  
  "@vue/compiler-dom@3.3.5":
    version "3.3.5"
    resolved "https://registry.yarnpkg.com/@vue/compiler-dom/-/compiler-dom-3.3.5.tgz#abaa5f9969c79656521608e5fc1b51d3cbca7a00"
    integrity sha512-dxt6QntN9T/NtnV6Pz+/nmcoo3ULnsYCnRpvEyY73wbk1tzzx7dnwngUN1cXkyGNu9c3UE7llhq/5T54lKwyhQ==
    dependencies:
      "@vue/compiler-core" "3.3.5"
      "@vue/shared" "3.3.5"
  
  "@vue/compiler-sfc@3.3.5":
    version "3.3.5"
    resolved "https://registry.yarnpkg.com/@vue/compiler-sfc/-/compiler-sfc-3.3.5.tgz#432c3ad3722336cacb99ac2552ea1e0ffd235989"
    integrity sha512-M6ys4iReSbrF4NTcMCnJiBioCpzXjfkfXwkdziknRyps+pG0DkwpDfQT7zQ0q91/rCR/Ejz64b5H6C4HBhX41w==
    dependencies:
      "@babel/parser" "^7.23.0"
      "@vue/compiler-core" "3.3.5"
      "@vue/compiler-dom" "3.3.5"
      "@vue/compiler-ssr" "3.3.5"
      "@vue/reactivity-transform" "3.3.5"
      "@vue/shared" "3.3.5"
      estree-walker "^2.0.2"
      magic-string "^0.30.5"
      postcss "^8.4.31"
      source-map-js "^1.0.2"
  
  "@vue/compiler-ssr@3.3.5":
    version "3.3.5"
    resolved "https://registry.yarnpkg.com/@vue/compiler-ssr/-/compiler-ssr-3.3.5.tgz#2eb79dc6cd9e2ee40bd1fb32e00d181f5a4a8e1a"
    integrity sha512-v7p2XuEpOcgjd6c49NqOnq3UTJOv5Uo9tirOyGnEadwxTov2O1J3/TUt4SgAAnwA+9gcUyH5c3lIOFsBe+UIyw==
    dependencies:
      "@vue/compiler-dom" "3.3.5"
      "@vue/shared" "3.3.5"
  
  "@vue/devtools-api@^6.0.0-beta.11", "@vue/devtools-api@^6.5.0":
    version "6.5.1"
    resolved "https://registry.yarnpkg.com/@vue/devtools-api/-/devtools-api-6.5.1.tgz#7f71f31e40973eeee65b9a64382b13593fdbd697"
    integrity sha512-+KpckaAQyfbvshdDW5xQylLni1asvNSGme1JFs8I1+/H5pHEhqUKMEQD/qn3Nx5+/nycBq11qAEi8lk+LXI2dA==
  
  "@vue/reactivity-transform@3.3.5":
    version "3.3.5"
    resolved "https://registry.yarnpkg.com/@vue/reactivity-transform/-/reactivity-transform-3.3.5.tgz#eaaab18a5c5187da2affbe1d2b27756e269c24e8"
    integrity sha512-OhpBD1H32pIapRzqy31hWwTFLf9STP+0uk5bVOQWXACTa2Rt/RPhvX4zixbPgMGo6iP+S+tFpZzUdcG8AASn8A==
    dependencies:
      "@babel/parser" "^7.23.0"
      "@vue/compiler-core" "3.3.5"
      "@vue/shared" "3.3.5"
      estree-walker "^2.0.2"
      magic-string "^0.30.5"
  
  "@vue/reactivity@3.3.5":
    version "3.3.5"
    resolved "https://registry.yarnpkg.com/@vue/reactivity/-/reactivity-3.3.5.tgz#a75038ba78ecf85199eb81ab72752b5db01215c7"
    integrity sha512-P7OBfPjsbV5lDCwZQDtWFqPh3uAP3Q6bRqYVgsYr6ki7jiaiHGSLmeaevUi+Nkev8nhublUpApnWevNiACN3sw==
    dependencies:
      "@vue/shared" "3.3.5"
  
  "@vue/runtime-core@3.3.5":
    version "3.3.5"
    resolved "https://registry.yarnpkg.com/@vue/runtime-core/-/runtime-core-3.3.5.tgz#0081c9f48369a42c407f915bb5bb620d74c7ebec"
    integrity sha512-kxAW3fTzwzZQqiHV1SndTtLMlNfJ/bsvcYku6NDuPzTeG6sMOAIXvuz6N5NUox+P7sNCInESbSOrPMMvtWx3vA==
    dependencies:
      "@vue/reactivity" "3.3.5"
      "@vue/shared" "3.3.5"
  
  "@vue/runtime-dom@3.3.5":
    version "3.3.5"
    resolved "https://registry.yarnpkg.com/@vue/runtime-dom/-/runtime-dom-3.3.5.tgz#b832e6bef9442b79157b546b3fcc4a8958908b34"
    integrity sha512-seYSeHmBNlTrR0eFyQFocEBtzljNlKzC2JfdebfBqoEmikyNYzLWTouv71DignLFXEXZKWNTqCIs4d7dk5Q3Ng==
    dependencies:
      "@vue/runtime-core" "3.3.5"
      "@vue/shared" "3.3.5"
      csstype "^3.1.2"
  
  "@vue/server-renderer@3.3.5":
    version "3.3.5"
    resolved "https://registry.yarnpkg.com/@vue/server-renderer/-/server-renderer-3.3.5.tgz#fee4236791dc8c3faeb2cfa273eb54f4572f302f"
    integrity sha512-7VIZkohYn8GAnNT9chrm0vDpHJ6mWPL+TmUBKtDWcWxYcq33YJP/VHCPQN5TazkxXCtv3c1KfXAMZowX4giLoQ==
    dependencies:
      "@vue/compiler-ssr" "3.3.5"
      "@vue/shared" "3.3.5"
  
  "@vue/shared@3.3.5":
    version "3.3.5"
    resolved "https://registry.yarnpkg.com/@vue/shared/-/shared-3.3.5.tgz#da717d8ce807d9d337f55ebcfb6cad7bf51e9a76"
    integrity sha512-oNJN1rCtkqm1cIxU1BuZVEVRWIp4DhaxXucEzzZ/iDKHP71ZxhkBPNK+URySiECH6aiOZzC60PS2bd6JFznvNA==
  
  "@vuepic/vue-datepicker@^4.2.0":
    version "4.5.1"
    resolved "https://registry.yarnpkg.com/@vuepic/vue-datepicker/-/vue-datepicker-4.5.1.tgz#42a1d275287a70884e705c7b07718d04b8a7f8db"
    integrity sha512-zdG37Q8iuwTPWnQEI9/WvabqmrDDfDLgdXUTW08FXHSbiHuNN2S+bVeN1Wm9yeD+onHgzEn6DiW6J3fYXEfa0Q==
    dependencies:
      date-fns "^2.29.3"
      date-fns-tz "^1.3.7"
  
  axios@^0.24.0:
    version "0.24.0"
    resolved "https://registry.yarnpkg.com/axios/-/axios-0.24.0.tgz#804e6fa1e4b9c5288501dd9dff56a7a0940d20d6"
    integrity sha512-Q6cWsys88HoPgAaFAVUb0WpPk0O8iTeisR9IMqy9G8AbO4NlpVknrnQS03zzF9PGAWgO3cgletO3VjV/P7VztA==
    dependencies:
      follow-redirects "^1.14.4"
  
  base64-js@^1.5.1:
    version "1.5.1"
    resolved "https://registry.yarnpkg.com/base64-js/-/base64-js-1.5.1.tgz#1b1b440160a5bf7ad40b650f095963481903930a"
    integrity sha512-AKpaYlHn8t4SVbOHCy+b5+KKgvR4vrsD8vbvrbiQJps7fKDTkjkDry6ji0rUJjC0kzbNePLwzxq8iypo41qeWA==
  
  bootstrap-icons@^1.10.0:
    version "1.11.1"
    resolved "https://registry.yarnpkg.com/bootstrap-icons/-/bootstrap-icons-1.11.1.tgz#79e32494871d8c98e9d14f4bcdc278cee9b1dafd"
    integrity sha512-F0DDp7nKUX+x/QtpfRZ+XHFya60ng9nfdpdS59vDDfs4Uhuxp7zym/QavMsu/xx51txkoM9eVmpE7D08N35blw==
  
  bootstrap5-tags@^1.5.22:
    version "1.6.11"
    resolved "https://registry.yarnpkg.com/bootstrap5-tags/-/bootstrap5-tags-1.6.11.tgz#d989e96a05994c742874db11708a75d0136e1355"
    integrity sha512-6A6USE9EZUvkNOwFpQYPr5+L/CA5WOrCPnu2+o2W2m0UmhLxt79XF3psrbGo6Y1xIU7aJMqwmS+BSQU9FsKusA==
  
  bootstrap@5.2.3:
    version "5.2.3"
    resolved "https://registry.yarnpkg.com/bootstrap/-/bootstrap-5.2.3.tgz#54739f4414de121b9785c5da3c87b37ff008322b"
    integrity sha512-cEKPM+fwb3cT8NzQZYEu4HilJ3anCrWqh3CHAok1p9jXqMPsPTBhU25fBckEJHJ/p+tTxTFTsFQGM+gaHpi3QQ==
  
  csstype@^3.1.2:
    version "3.1.2"
    resolved "https://registry.yarnpkg.com/csstype/-/csstype-3.1.2.tgz#1d4bf9d572f11c14031f0436e1c10bc1f571f50b"
    integrity sha512-I7K1Uu0MBPzaFKg4nI5Q7Vs2t+3gWWW648spaF+Rg7pI9ds18Ugn+lvg4SHczUdKlHI5LWBXyqfS8+DufyBsgQ==
  
  date-fns-tz@^1.3.7:
    version "1.3.8"
    resolved "https://registry.yarnpkg.com/date-fns-tz/-/date-fns-tz-1.3.8.tgz#083e3a4e1f19b7857fa0c18deea6c2bc46ded7b9"
    integrity sha512-qwNXUFtMHTTU6CFSFjoJ80W8Fzzp24LntbjFFBgL/faqds4e5mo9mftoRLgr3Vi1trISsg4awSpYVsOQCRnapQ==
  
  date-fns@^2.29.3:
    version "2.30.0"
    resolved "https://registry.yarnpkg.com/date-fns/-/date-fns-2.30.0.tgz#f367e644839ff57894ec6ac480de40cae4b0f4d0"
    integrity sha512-fnULvOpxnC5/Vg3NCiWelDsLiUc9bRwAPs/+LfTLNvetFCtCTN+yQz15C/fs4AwX1R9K5GLtLfn8QW+dWisaAw==
    dependencies:
      "@babel/runtime" "^7.21.0"
  
  esbuild@^0.18.10:
    version "0.18.20"
    resolved "https://registry.yarnpkg.com/esbuild/-/esbuild-0.18.20.tgz#4709f5a34801b43b799ab7d6d82f7284a9b7a7a6"
    integrity sha512-ceqxoedUrcayh7Y7ZX6NdbbDzGROiyVBgC4PriJThBKSVPWnnFHZAkfI1lJT8QFkOwH4qOS2SJkS4wvpGl8BpA==
    optionalDependencies:
      "@esbuild/android-arm" "0.18.20"
      "@esbuild/android-arm64" "0.18.20"
      "@esbuild/android-x64" "0.18.20"
      "@esbuild/darwin-arm64" "0.18.20"
      "@esbuild/darwin-x64" "0.18.20"
      "@esbuild/freebsd-arm64" "0.18.20"
      "@esbuild/freebsd-x64" "0.18.20"
      "@esbuild/linux-arm" "0.18.20"
      "@esbuild/linux-arm64" "0.18.20"
      "@esbuild/linux-ia32" "0.18.20"
      "@esbuild/linux-loong64" "0.18.20"
      "@esbuild/linux-mips64el" "0.18.20"
      "@esbuild/linux-ppc64" "0.18.20"
      "@esbuild/linux-riscv64" "0.18.20"
      "@esbuild/linux-s390x" "0.18.20"
      "@esbuild/linux-x64" "0.18.20"
      "@esbuild/netbsd-x64" "0.18.20"
      "@esbuild/openbsd-x64" "0.18.20"
      "@esbuild/sunos-x64" "0.18.20"
      "@esbuild/win32-arm64" "0.18.20"
      "@esbuild/win32-ia32" "0.18.20"
      "@esbuild/win32-x64" "0.18.20"
  
  estree-walker@^2.0.2:
    version "2.0.2"
    resolved "https://registry.yarnpkg.com/estree-walker/-/estree-walker-2.0.2.tgz#52f010178c2a4c117a7757cfe942adb7d2da4cac"
    integrity sha512-Rfkk/Mp/DL7JVje3u18FxFujQlTNR2q6QfMSMB7AvCBx91NGj/ba3kCfza0f6dVDbw7YlRf/nDrn7pQrCCyQ/w==
  
  follow-redirects@^1.14.4:
    version "1.15.3"
    resolved "https://registry.yarnpkg.com/follow-redirects/-/follow-redirects-1.15.3.tgz#fe2f3ef2690afce7e82ed0b44db08165b207123a"
    integrity sha512-1VzOtuEM8pC9SFU1E+8KfTjZyMztRsgEfwQl44z8A25uy13jSzTj6dyK2Df52iV0vgHCfBwLhDWevLn95w5v6Q==
  
  fsevents@~2.3.2:
    version "2.3.3"
    resolved "https://registry.yarnpkg.com/fsevents/-/fsevents-2.3.3.tgz#cac6407785d03675a2a5e1a5305c697b347d90d6"
    integrity sha512-5xoDfX+fL7faATnagmWPpbFtwh/R77WmMMqqHGS65C3vvB0YHrgF+B1YmZ3441tMj5n63k0212XNoJwzlhffQw==
  
  jquery@^3.6.3:
    version "3.7.1"
    resolved "https://registry.yarnpkg.com/jquery/-/jquery-3.7.1.tgz#083ef98927c9a6a74d05a6af02806566d16274de"
    integrity sha512-m4avr8yL8kmFN8psrbFFFmB/If14iN5o9nw/NgnnM+kybDJpRsAynV2BsfpTYrTRysYUdADVD7CkUUizgkpLfg==
  
  js-sha256@^0.9.0:
    version "0.9.0"
    resolved "https://registry.yarnpkg.com/js-sha256/-/js-sha256-0.9.0.tgz#0b89ac166583e91ef9123644bd3c5334ce9d0966"
    integrity sha512-sga3MHh9sgQN2+pJ9VYZ+1LPwXOxuBJBA5nrR5/ofPfuiJBE2hnjsaN8se8JznOmGLN2p49Pe5U/ttafcs/apA==
  
  keycloak-js@^20.0.1:
    version "20.0.5"
    resolved "https://registry.yarnpkg.com/keycloak-js/-/keycloak-js-20.0.5.tgz#8dd94d2c813170db5381dabfbe3a3327ce5ed6db"
    integrity sha512-7+M5Uni4oNlAmbjM/lDJzFHu2+PGqU6/bvmTBuQssE1fJ7ZyNeCRHgFoaVfFpIU3m6aAFwPUko4lVcn4kPXP5Q==
    dependencies:
      base64-js "^1.5.1"
      js-sha256 "^0.9.0"
  
  magic-string@^0.30.5:
    version "0.30.5"
    resolved "https://registry.yarnpkg.com/magic-string/-/magic-string-0.30.5.tgz#1994d980bd1c8835dc6e78db7cbd4ae4f24746f9"
    integrity sha512-7xlpfBaQaP/T6Vh8MO/EqXSW5En6INHEvEXQiuff7Gku0PWjU3uf6w/j9o7O+SpB5fOAkrI5HeoNgwjEO0pFsA==
    dependencies:
      "@jridgewell/sourcemap-codec" "^1.4.15"
  
  mitt@^3.0.0:
    version "3.0.1"
    resolved "https://registry.yarnpkg.com/mitt/-/mitt-3.0.1.tgz#ea36cf0cc30403601ae074c8f77b7092cdab36d1"
    integrity sha512-vKivATfr97l2/QBCYAkXYDbrIWPM2IIKEl7YPhjCvKlG3kE2gm+uBo6nEXK3M5/Ffh/FLpKExzOQ3JJoJGFKBw==
  
  nanoid@^3.3.6:
    version "3.3.6"
    resolved "https://registry.yarnpkg.com/nanoid/-/nanoid-3.3.6.tgz#443380c856d6e9f9824267d960b4236ad583ea4c"
    integrity sha512-BGcqMMJuToF7i1rt+2PWSNVnWIkGCU78jBG3RxO/bZlnZPK2Cmi2QaffxGO/2RvWi9sL+FAiRiXMgsyxQ1DIDA==
  
  picocolors@^1.0.0:
    version "1.0.0"
    resolved "https://registry.yarnpkg.com/picocolors/-/picocolors-1.0.0.tgz#cb5bdc74ff3f51892236eaf79d68bc44564ab81c"
    integrity sha512-1fygroTLlHu66zi26VoTDv8yRgm0Fccecssto+MhsZ0D/DGW2sm8E8AjW7NU5VVTRt5GxbeZ5qBuJr+HyLYkjQ==
  
  postcss@^8.4.27, postcss@^8.4.31:
    version "8.4.31"
    resolved "https://registry.yarnpkg.com/postcss/-/postcss-8.4.31.tgz#92b451050a9f914da6755af352bdc0192508656d"
    integrity sha512-PS08Iboia9mts/2ygV3eLpY5ghnUcfLV/EXTOW1E2qYxJKGGBUtNjN76FYHnMs36RmARn41bC0AZmn+rR0OVpQ==
    dependencies:
      nanoid "^3.3.6"
      picocolors "^1.0.0"
      source-map-js "^1.0.2"
  
  regenerator-runtime@^0.14.0:
    version "0.14.0"
    resolved "https://registry.yarnpkg.com/regenerator-runtime/-/regenerator-runtime-0.14.0.tgz#5e19d68eb12d486f797e15a3c6a918f7cec5eb45"
    integrity sha512-srw17NI0TUWHuGa5CFGGmhfNIeja30WMBfbslPNhf6JrqQlLN5gcrvig1oqPxiVaXb0oW0XRKtH6Nngs5lKCIA==
  
  rollup@^3.27.1:
    version "3.29.4"
    resolved "https://registry.yarnpkg.com/rollup/-/rollup-3.29.4.tgz#4d70c0f9834146df8705bfb69a9a19c9e1109981"
    integrity sha512-oWzmBZwvYrU0iJHtDmhsm662rC15FRXmcjCk1xD771dFDx5jJ02ufAQQTn0etB2emNk4J9EZg/yWKpsn9BWGRw==
    optionalDependencies:
      fsevents "~2.3.2"
  
  source-map-js@^1.0.2:
    version "1.0.2"
    resolved "https://registry.yarnpkg.com/source-map-js/-/source-map-js-1.0.2.tgz#adbc361d9c62df380125e7f161f71c826f1e490c"
    integrity sha512-R0XvVJ9WusLiqTCEiGCmICCMplcCkIwwR11mOSD9CR5u+IXYdiseeEuXCVAjS54zqwkLcPNnmU4OeJ6tUrWhDw==
  
  uppie@^1.1.4:
    version "1.1.4"
    resolved "https://registry.yarnpkg.com/uppie/-/uppie-1.1.4.tgz#b6b153c61c58929d175ebbb3100e8c24224b8178"
    integrity sha512-1lcUay2fb0OIMVHuIqCvLJBQ2g401lYNbgexjlUjusj4T9dY/IlUrS1NRneoNq/demRCwhOkUMu/nbzldKgvOg==
  
  uuid@^9.0.0:
    version "9.0.1"
    resolved "https://registry.yarnpkg.com/uuid/-/uuid-9.0.1.tgz#e188d4c8853cc722220392c424cd637f32293f30"
    integrity sha512-b+1eJOlsR9K8HJpow9Ok3fiWOWSIcIzXodvv0rQjVoOVNpWMpxf1wZNpt4y9h10odCNrqnYp1OBzRktckBe3sA==
  
  vite@^4.1.5:
    version "4.5.0"
    resolved "https://registry.yarnpkg.com/vite/-/vite-4.5.0.tgz#ec406295b4167ac3bc23e26f9c8ff559287cff26"
    integrity sha512-ulr8rNLA6rkyFAlVWw2q5YJ91v098AFQ2R0PRFwPzREXOUJQPtFUG0t+/ZikhaOCDqFoDhN6/v8Sq0o4araFAw==
    dependencies:
      esbuild "^0.18.10"
      postcss "^8.4.27"
      rollup "^3.27.1"
    optionalDependencies:
      fsevents "~2.3.2"
  
  vue-i18n@^9.2.2:
    version "9.5.0"
    resolved "https://registry.yarnpkg.com/vue-i18n/-/vue-i18n-9.5.0.tgz#361a820f591f6d9689435a42763fd1dae224833b"
    integrity sha512-NiI3Ph1qMstNf7uhYh8trQBOBFLxeJgcOxBq51pCcZ28Vs18Y7BDS58r8HGDKCYgXdLUYqPDXdKatIF4bvBVZg==
    dependencies:
      "@intlify/core-base" "9.5.0"
      "@intlify/shared" "9.5.0"
      "@vue/devtools-api" "^6.5.0"
  
  vue-router@^4.2.2:
    version "4.2.5"
    resolved "https://registry.yarnpkg.com/vue-router/-/vue-router-4.2.5.tgz#b9e3e08f1bd9ea363fdd173032620bc50cf0e98a"
    integrity sha512-DIUpKcyg4+PTQKfFPX88UWhlagBEBEfJ5A8XDXRJLUnZOvcpMF8o/dnL90vpVkGaPbjvXazV/rC1qBKrZlFugw==
    dependencies:
      "@vue/devtools-api" "^6.5.0"
  
  vue@^3.3.4:
    version "3.3.5"
    resolved "https://registry.yarnpkg.com/vue/-/vue-3.3.5.tgz#571ec76a83b77766c80bc12a2d35be34a2a7403b"
    integrity sha512-xYpLEGb25yYU1ul9ZhCcavNZ4YW6PS7YTDdDAd0yc/3w69Tra2BwY4EpKguKddfD56QApXQ17XHq+fJJwEP+UQ==
    dependencies:
      "@vue/compiler-dom" "3.3.5"
      "@vue/compiler-sfc" "3.3.5"
      "@vue/runtime-dom" "3.3.5"
      "@vue/server-renderer" "3.3.5"
      "@vue/shared" "3.3.5"
  
  vuex@^4.1.0:
    version "4.1.0"
    resolved "https://registry.yarnpkg.com/vuex/-/vuex-4.1.0.tgz#aa1b3ea5c7385812b074c86faeeec2217872e36c"
    integrity sha512-hmV6UerDrPcgbSy9ORAtNXDr9M4wlNP4pEFKye4ujJF8oqgFFuxDCdOLS3eNoRTtq5O3hoBDh9Doj1bQMYHRbQ==
    dependencies:
      "@vue/devtools-api" "^6.0.0-beta.11"
